<?xml version="1.0" encoding="UTF-8"?>
<!-- Generated by org.testng.reporters.JUnitReportReporter -->
<testsuite hostname="LAPTOP-UD4LBO6R" failures="0" tests="1" name="RESTAPI.SumValidation" time="1.787" errors="0" timestamp="2020-05-20T19:19:29 PDT" skipped="0">
  <testcase classname="RESTAPI.SumValidation" name="sumOfCourses" time="1.787"/>
  <system-out/>
</testsuite> <!-- RESTAPI.SumValidation -->
